#
# A fatal error has been detected by the Java Runtime Environment:
#
#  SIGSEGV (0xb) at pc=0x0000000107aa8b86, pid=13996, tid=15875
#
# JRE version: Java(TM) SE Runtime Environment (8.0) (build 1.8.0-ea-lambda-nightly-h109-20130902-b106-b00)
# Java VM: Java HotSpot(TM) 64-Bit Server VM (25.0-b45 mixed mode bsd-amd64 compressed oops)
# Problematic frame:
# V  [libjvm.dylib+0x3ffb86]  Method::checked_resolve_jmethod_id(_jmethodID*)+0xe
#
# Failed to write core dump. Core dumps have been disabled. To enable core dumping, try "ulimit -c unlimited" before starting Java again
#
# If you would like to submit a bug report, please visit:
#   http://bugreport.sun.com/bugreport/crash.jsp
#

---------------  T H R E A D  ---------------

Current thread (0x00007f9a04815800):  JavaThread "JDWP Transport Listener: dt_socket" daemon [_thread_in_vm, id=15875, stack(0x00000001a5dda000,0x00000001a5eda000)]

siginfo:si_signo=SIGSEGV: si_errno=0, si_code=0 (SEGV0), si_addr=0x0000000000000000

Registers:
RAX=0x0000000000000001, RBX=0x00000001a5ed9a9b, RCX=0x0000000107e3fec8, RDX=0x00000001a5ed9a9b
RSP=0x00000001a5ed99e0, RBP=0x00000001a5ed99f0, RSI=0x00007f9a04815800, RDI=0x1100000000000074
R8 =0x0000000000000000, R9 =0x00007f9a03d00000, R10=0x0000000000000010, R11=0x00007f9a03d00000
R12=0x00007f9a04815800, R13=0x1100000000000074, R14=0x1100000000000074, R15=0x00007f9a03c1e2a0
RIP=0x0000000107aa8b86, EFLAGS=0x0000000000010206, ERR=0x0000000000000000
  TRAPNO=0x000000000000000d

Top of Stack: (sp=0x00000001a5ed99e0)
0x00000001a5ed99e0:   00000001a5ed9a9b 00000001a5ed9a9b
0x00000001a5ed99f0:   00000001a5ed9a50 00000001079c6c2a
0x00000001a5ed9a00:   00007f9a04815800 0000000000000000
0x00000001a5ed9a10:   0000000000000000 0000000000000000
0x00000001a5ed9a20:   00007f9a04815800 00007f9a04815800
0x00000001a5ed9a30:   00000001a5ed9a9b 00000001a5ed9aa0
0x00000001a5ed9a40:   1100000000000074 0000000000000009
0x00000001a5ed9a50:   00000001a5ed9a70 00000001082b47dc
0x00000001a5ed9a60:   0000000000000001 00000001a5ed9b18
0x00000001a5ed9a70:   00000001a5ed9ae0 0000000108299273
0x00000001a5ed9a80:   00000001a5ed9ab0 00007f9a03d45d00
0x00000001a5ed9a90:   0000000c00000032 0000000800ed9b18
0x00000001a5ed9aa0:   0000000000000000 0000000000000000
0x00000001a5ed9ab0:   0000000000000000 00000001a5ed9ca0
0x00000001a5ed9ac0:   00000001082bbeca 00007f9a03c46450
0x00000001a5ed9ad0:   00000001a5ed9b18 00000001082c7588
0x00000001a5ed9ae0:   00000001a5ed9af0 000000010829936c
0x00000001a5ed9af0:   00000001a5ed9d10 00000001082a28fa
0x00000001a5ed9b00:   00045bb500000013 00000000000f0200
0x00000001a5ed9b10:   00007f9a03c5a7b0 00007f9a03d45fba
0x00000001a5ed9b20:   00007f9a0000007e 00007f9a03d2f810
0x00000001a5ed9b30:   00007f9a0000012c 00000001a5ed9b68
0x00000001a5ed9b40:   00007f9a03d2f810 0000000000000000
0x00000001a5ed9b50:   00045bb50000000f 0000000000000080
0x00000001a5ed9b60:   00000001a5ed9b68 9a7f00000c000000
0x00000001a5ed9b70:   08000000f0e0d203 32246164626d616c
0x00000001a5ed9b80:   616a4c2816000000 2f676e616c2f6176
0x00000001a5ed9b90:   3b72656765746e49 00f0000000005a29
0x00000001a5ed9ba0:   d2039a7f00000a10 616d04000000a0e0
0x00000001a5ed9bb0:   5b28160000006e69 616c2f6176616a4c
0x00000001a5ed9bc0:   6e697274532f676e 0000000056293b67
0x00000001a5ed9bd0:   9a7f000009000000 08000000e0e0d203 

Instructions: (pc=0x0000000107aa8b86)
0x0000000107aa8b66:   40 48 48 85 c0 75 e0 30 c0 0f b6 c0 5d c3 31 c0
0x0000000107aa8b76:   5d c3 55 48 89 e5 53 48 83 ec 08 48 85 ff 74 24
0x0000000107aa8b86:   48 8b 1f 48 85 db 74 1c 48 83 fb 37 74 16 48 8b
0x0000000107aa8b96:   03 48 89 df ff 50 08 84 c0 b8 00 00 00 00 48 0f 

Register to memory mapping:

RAX=0x0000000000000001 is an unknown value
RBX=0x00000001a5ed9a9b is pointing into the stack for thread: 0x00007f9a04815800
RCX=0x0000000107e3fec8: UseMembar+0 in /Users/adelinadutskinova/Downloads/jdk1.8.0/jre/lib/server/libjvm.dylib at 0x00000001076a9000
RDX=0x00000001a5ed9a9b is pointing into the stack for thread: 0x00007f9a04815800
RSP=0x00000001a5ed99e0 is pointing into the stack for thread: 0x00007f9a04815800
RBP=0x00000001a5ed99f0 is pointing into the stack for thread: 0x00007f9a04815800
RSI=0x00007f9a04815800 is a thread
RDI=0x1100000000000074 is an unknown value
R8 =0x0000000000000000 is an unknown value
R9 =0x00007f9a03d00000 is an unknown value
R10=0x0000000000000010 is an unknown value
R11=0x00007f9a03d00000 is an unknown value
R12=0x00007f9a04815800 is a thread
R13=0x1100000000000074 is an unknown value
R14=0x1100000000000074 is an unknown value
R15=0x00007f9a03c1e2a0 is an unknown value


Stack: [0x00000001a5dda000,0x00000001a5eda000],  sp=0x00000001a5ed99e0,  free space=1022k
Native frames: (J=compiled Java code, j=interpreted, Vv=VM code, C=native code)
V  [libjvm.dylib+0x3ffb86]  Method::checked_resolve_jmethod_id(_jmethodID*)+0xe
V  [libjvm.dylib+0x31dc2a]  jvmti_IsMethodSynthetic+0xb2
C  [libjdwp.dylib+0x207dc]  isMethodSynthetic+0x63
C  [libjdwp.dylib+0x5273]  methods1+0x10b
C  [libjdwp.dylib+0x536c]  methodsWithGeneric+0xe
C  [libjdwp.dylib+0xe8fa]  debugLoop_run+0x1ce
C  [libjdwp.dylib+0x1f716]  attachThread+0x4d
V  [libjvm.dylib+0x35e2e4]  JvmtiAgentThread::call_start_function()+0x38
V  [libjvm.dylib+0x50ee15]  JavaThread::thread_main_inner()+0x9b
V  [libjvm.dylib+0x51054a]  JavaThread::run()+0x1c2
V  [libjvm.dylib+0x43829d]  java_start(Thread*)+0xd5
C  [libsystem_pthread.dylib+0x405a]  _pthread_body+0x83
C  [libsystem_pthread.dylib+0x3fd7]  _pthread_body+0x0
C  [libsystem_pthread.dylib+0x13ed]  thread_start+0xd


---------------  P R O C E S S  ---------------

Java Threads: ( => current thread )
  0x00007f9a04819000 JavaThread "Service Thread" daemon [_thread_blocked, id=18435, stack(0x00000001a62e9000,0x00000001a63e9000)]
  0x00007f9a04817000 JavaThread "C1 CompilerThread1" daemon [_thread_blocked, id=17923, stack(0x00000001a61e6000,0x00000001a62e6000)]
  0x00007f9a0407a800 JavaThread "C2 CompilerThread0" daemon [_thread_blocked, id=17411, stack(0x00000001a60e3000,0x00000001a61e3000)]
  0x00007f9a04818000 JavaThread "JDWP Command Reader" daemon [_thread_in_native, id=16899, stack(0x00000001a5fe0000,0x00000001a60e0000)]
  0x00007f9a04816800 JavaThread "JDWP Event Helper Thread" daemon [_thread_blocked, id=16387, stack(0x00000001a5edd000,0x00000001a5fdd000)]
=>0x00007f9a04815800 JavaThread "JDWP Transport Listener: dt_socket" daemon [_thread_in_vm, id=15875, stack(0x00000001a5dda000,0x00000001a5eda000)]
  0x00007f9a04079800 JavaThread "Signal Dispatcher" daemon [_thread_blocked, id=15383, stack(0x00000001a5cd1000,0x00000001a5dd1000)]
  0x00007f9a04800800 JavaThread "Finalizer" daemon [_thread_blocked, id=10499, stack(0x00000001a42eb000,0x00000001a43eb000)]
  0x00007f9a04069800 JavaThread "Reference Handler" daemon [_thread_blocked, id=9987, stack(0x00000001a41e8000,0x00000001a42e8000)]
  0x00007f9a04011000 JavaThread "main" [_thread_in_native, id=3331, stack(0x0000000108150000,0x0000000108250000)]

Other Threads:
  0x00007f9a04067000 VMThread [stack: 0x00000001a40e5000,0x00000001a41e5000] [id=9475]
  0x00007f9a04819800 WatcherThread [stack: 0x00000001a63ec000,0x00000001a64ec000] [id=18947]

VM state:not at safepoint (normal execution)

VM Mutex/Monitor currently owned by a thread: None

Heap:
 PSYoungGen      total 38912K, used 4056K [0x0000000173880000, 0x0000000176380000, 0x000000019e380000)
  eden space 33792K, 12% used [0x0000000173880000,0x0000000173c762a0,0x0000000175980000)
  from space 5120K, 0% used [0x0000000175e80000,0x0000000175e80000,0x0000000176380000)
  to   space 5120K, 0% used [0x0000000175980000,0x0000000175980000,0x0000000175e80000)
 ParOldGen       total 87040K, used 0K [0x000000011e380000, 0x0000000123880000, 0x0000000173880000)
  object space 87040K, 0% used [0x000000011e380000,0x000000011e380000,0x0000000123880000)
 Metaspace total 4942K, used 4852K, reserved 110592K
  data space     4362K, used 4312K, reserved 8192K
  class space    580K, used 540K, reserved 102400K

Card table byte_map: [0x000000019e380000,0x000000019e781000] byte_map_base: 0x000000019da8e400

Marking Bits: (ParMarkBitMap*) 0x0000000107ef0950
 Begin Bits: [0x000000019ec32000, 0x00000001a0c32000)
 End Bits:   [0x00000001a0c32000, 0x00000001a2c32000)

Polling page: 0x0000000108293000

CodeCache: size=245760Kb used=1611Kb max_used=1622Kb free=244148Kb
 bounds [0x0000000108ae7000, 0x0000000108d57000, 0x0000000117ae7000]
 total_blobs=553 nmethods=293 adapters=186
 compilation: enabled

Compilation events (10 events):
Event: 5.416 Thread 0x00007f9a04817000 nmethod 289 0x0000000108c73c50 code [0x0000000108c73e00, 0x0000000108c74538]
Event: 5.416 Thread 0x00007f9a04817000  290       3       java.lang.invoke.LambdaForm$NamedFunction::invokeWithArguments (50 bytes)
Event: 5.417 Thread 0x00007f9a04817000 nmethod 290 0x0000000108c77f90 code [0x0000000108c781a0, 0x0000000108c78db8]
Event: 5.417 Thread 0x00007f9a04817000  291       3       java.lang.invoke.LambdaForm$DMH/846063400::invokeStatic_LL_L (15 bytes)
Event: 5.417 Thread 0x00007f9a04817000 nmethod 291 0x0000000108c73650 code [0x0000000108c737e0, 0x0000000108c73af8]
Event: 5.418 Thread 0x00007f9a0407a800 nmethod 267 0x0000000108c7c550 code [0x0000000108c7c6c0, 0x0000000108c7cbf8]
Event: 5.419 Thread 0x00007f9a04817000  292       3       jdk.internal.org.objectweb.asm.ClassWriter::newClass (9 bytes)
Event: 5.419 Thread 0x00007f9a04817000 nmethod 292 0x0000000108c73210 code [0x0000000108c73380, 0x0000000108c73568]
Event: 14.662 Thread 0x00007f9a0407a800  293       4       java.lang.Math::min (11 bytes)
Event: 14.662 Thread 0x00007f9a0407a800 nmethod 293 0x0000000108c79750 code [0x0000000108c79880, 0x0000000108c798b8]

GC Heap History (0 events):
No events

Deoptimization events (0 events):
No events

Internal exceptions (10 events):
Event: 0.332 Thread 0x00007f9a04011000 Exception <a 'java/security/PrivilegedActionException'> (0x0000000173ac92d0) thrown at [/HUDSON/workspace/8-2-build-macosx-x86_64/jdk8-lambda/109/hotspot/src/share/vm/prims/jvm.cpp, line 1249]
Event: 0.335 Thread 0x00007f9a04011000 Exception <a 'java/security/PrivilegedActionException'> (0x0000000173ace8a8) thrown at [/HUDSON/workspace/8-2-build-macosx-x86_64/jdk8-lambda/109/hotspot/src/share/vm/prims/jvm.cpp, line 1249]
Event: 0.359 Thread 0x00007f9a04011000 Exception <a 'java/security/PrivilegedActionException'> (0x0000000173ae3da8) thrown at [/HUDSON/workspace/8-2-build-macosx-x86_64/jdk8-lambda/109/hotspot/src/share/vm/prims/jvm.cpp, line 1249]
Event: 0.359 Thread 0x00007f9a04011000 Exception <a 'java/security/PrivilegedActionException'> (0x0000000173ae6f90) thrown at [/HUDSON/workspace/8-2-build-macosx-x86_64/jdk8-lambda/109/hotspot/src/share/vm/prims/jvm.cpp, line 1249]
Event: 0.380 Thread 0x00007f9a04011000 Exception <a 'java/security/PrivilegedActionException'> (0x0000000173aeb860) thrown at [/HUDSON/workspace/8-2-build-macosx-x86_64/jdk8-lambda/109/hotspot/src/share/vm/prims/jvm.cpp, line 1249]
Event: 0.380 Thread 0x00007f9a04011000 Exception <a 'java/security/PrivilegedActionException'> (0x0000000173aeebb8) thrown at [/HUDSON/workspace/8-2-build-macosx-x86_64/jdk8-lambda/109/hotspot/src/share/vm/prims/jvm.cpp, line 1249]
Event: 5.296 Thread 0x00007f9a04011000 Exception <a 'java/lang/ClassNotFoundException': java/lang/Null> (0x0000000173b25c18) thrown at [/HUDSON/workspace/8-2-build-macosx-x86_64/jdk8-lambda/109/hotspot/src/share/vm/classfile/systemDictionary.cpp, line 202]
Event: 5.349 Thread 0x00007f9a04011000 Exception <a 'java/lang/NoSuchFieldError': method resolution failed> (0x0000000173bc3720) thrown at [/HUDSON/workspace/8-2-build-macosx-x86_64/jdk8-lambda/109/hotspot/src/share/vm/prims/methodHandles.cpp, line 1167]
Event: 5.354 Thread 0x00007f9a04011000 Exception <a 'java/lang/NoSuchFieldError': method resolution failed> (0x0000000173bd24f8) thrown at [/HUDSON/workspace/8-2-build-macosx-x86_64/jdk8-lambda/109/hotspot/src/share/vm/prims/methodHandles.cpp, line 1167]
Event: 5.356 Thread 0x00007f9a04011000 Exception <a 'java/lang/NoSuchFieldError': method resolution failed> (0x0000000173bd5380) thrown at [/HUDSON/workspace/8-2-build-macosx-x86_64/jdk8-lambda/109/hotspot/src/share/vm/prims/methodHandles.cpp, line 1167]

Events (10 events):
Event: 240.758 Executing VM operation: ChangeBreakpoints
Event: 240.758 Executing VM operation: ChangeBreakpoints done
Event: 240.760 Executing VM operation: RedefineClasses
Event: 240.763 Executing VM operation: RedefineClasses done
Event: 240.825 Executing VM operation: ChangeBreakpoints
Event: 240.825 Executing VM operation: ChangeBreakpoints done
Event: 292.784 Executing VM operation: ChangeBreakpoints
Event: 292.784 Executing VM operation: ChangeBreakpoints done
Event: 609.567 Executing VM operation: RedefineClasses
Event: 609.571 Executing VM operation: RedefineClasses done


Dynamic libraries:
0x00000000023a4000 	/System/Library/Frameworks/Cocoa.framework/Versions/A/Cocoa
0x00000000023a4000 	/System/Library/Frameworks/Security.framework/Versions/A/Security
0x00000000023a4000 	/System/Library/Frameworks/ApplicationServices.framework/Versions/A/ApplicationServices
0x00000000023a4000 	/usr/lib/libz.1.dylib
0x00000000023a4000 	/usr/lib/libSystem.B.dylib
0x00000000023a4000 	/usr/lib/libobjc.A.dylib
0x00000000023a4000 	/System/Library/Frameworks/CoreFoundation.framework/Versions/A/CoreFoundation
0x00000000023a4000 	/System/Library/Frameworks/Foundation.framework/Versions/C/Foundation
0x00000000023a4000 	/System/Library/Frameworks/AppKit.framework/Versions/C/AppKit
0x00000000023a4000 	/System/Library/Frameworks/CoreData.framework/Versions/A/CoreData
0x00000000023a4000 	/System/Library/PrivateFrameworks/RemoteViewServices.framework/Versions/A/RemoteViewServices
0x00000000023a4000 	/System/Library/PrivateFrameworks/UIFoundation.framework/Versions/A/UIFoundation
0x00000000023a4000 	/System/Library/Frameworks/IOSurface.framework/Versions/A/IOSurface
0x00000000023a4000 	/System/Library/Frameworks/AudioToolbox.framework/Versions/A/AudioToolbox
0x00000000023a4000 	/System/Library/Frameworks/AudioUnit.framework/Versions/A/AudioUnit
0x00000000023a4000 	/System/Library/PrivateFrameworks/DataDetectorsCore.framework/Versions/A/DataDetectorsCore
0x00000000023a4000 	/System/Library/PrivateFrameworks/DesktopServicesPriv.framework/Versions/A/DesktopServicesPriv
0x00000000023a4000 	/System/Library/Frameworks/Carbon.framework/Versions/A/Frameworks/HIToolbox.framework/Versions/A/HIToolbox
0x00000000023a4000 	/System/Library/Frameworks/QuartzCore.framework/Versions/A/QuartzCore
0x00000000023a4000 	/System/Library/Frameworks/Carbon.framework/Versions/A/Frameworks/SpeechRecognition.framework/Versions/A/SpeechRecognition
0x00000000023a4000 	/usr/lib/libauto.dylib
0x00000000023a4000 	/usr/lib/libicucore.A.dylib
0x00000000023a4000 	/usr/lib/libxml2.2.dylib
0x00000000023a4000 	/System/Library/PrivateFrameworks/CoreUI.framework/Versions/A/CoreUI
0x00000000023a4000 	/System/Library/Frameworks/CoreAudio.framework/Versions/A/CoreAudio
0x00000000023a4000 	/System/Library/Frameworks/DiskArbitration.framework/Versions/A/DiskArbitration
0x00000000023a4000 	/usr/lib/liblangid.dylib
0x00000000023a4000 	/System/Library/PrivateFrameworks/MultitouchSupport.framework/Versions/A/MultitouchSupport
0x00000000023a4000 	/System/Library/Frameworks/IOKit.framework/Versions/A/IOKit
0x00000000023a4000 	/usr/lib/libDiagnosticMessagesClient.dylib
0x00000000023a4000 	/System/Library/Frameworks/CoreServices.framework/Versions/A/CoreServices
0x00000000023a4000 	/System/Library/PrivateFrameworks/PerformanceAnalysis.framework/Versions/A/PerformanceAnalysis
0x00000000023a4000 	/System/Library/PrivateFrameworks/GenerationalStorage.framework/Versions/A/GenerationalStorage
0x00000000023a4000 	/System/Library/Frameworks/OpenGL.framework/Versions/A/OpenGL
0x00000000023a4000 	/System/Library/PrivateFrameworks/Sharing.framework/Versions/A/Sharing
0x00000000023a4000 	/System/Library/Frameworks/CoreGraphics.framework/Versions/A/CoreGraphics
0x00000000023a4000 	/System/Library/Frameworks/CoreText.framework/Versions/A/CoreText
0x00000000023a4000 	/System/Library/Frameworks/ImageIO.framework/Versions/A/ImageIO
0x00000000023a4000 	/usr/lib/libextension.dylib
0x00000000023a4000 	/System/Library/PrivateFrameworks/Backup.framework/Versions/A/Backup
0x00000000023a4000 	/usr/lib/libarchive.2.dylib
0x00000000023a4000 	/System/Library/Frameworks/CFNetwork.framework/Versions/A/CFNetwork
0x00000000023a4000 	/System/Library/Frameworks/SystemConfiguration.framework/Versions/A/SystemConfiguration
0x00000000023a4000 	/usr/lib/libCRFSuite.dylib
0x00000000023a4000 	/usr/lib/libc++.1.dylib
0x00000000023a4000 	/usr/lib/libc++abi.dylib
0x00000000023a4000 	/usr/lib/system/libcache.dylib
0x00000000023a4000 	/usr/lib/system/libcommonCrypto.dylib
0x00000000023a4000 	/usr/lib/system/libcompiler_rt.dylib
0x00000000023a4000 	/usr/lib/system/libcopyfile.dylib
0x00000000023a4000 	/usr/lib/system/libcorecrypto.dylib
0x00000000023a4000 	/usr/lib/system/libdispatch.dylib
0x00000000023a4000 	/usr/lib/system/libdyld.dylib
0x00000000023a4000 	/usr/lib/system/libkeymgr.dylib
0x00000000023a4000 	/usr/lib/system/liblaunch.dylib
0x00000000023a4000 	/usr/lib/system/libmacho.dylib
0x00000000023a4000 	/usr/lib/system/libquarantine.dylib
0x00000000023a4000 	/usr/lib/system/libremovefile.dylib
0x00000000023a4000 	/usr/lib/system/libsystem_asl.dylib
0x00000000023a4000 	/usr/lib/system/libsystem_blocks.dylib
0x00000000023a4000 	/usr/lib/system/libsystem_c.dylib
0x00000000023a4000 	/usr/lib/system/libsystem_configuration.dylib
0x00000000023a4000 	/usr/lib/system/libsystem_coreservices.dylib
0x00000000023a4000 	/usr/lib/system/libsystem_coretls.dylib
0x00000000023a4000 	/usr/lib/system/libsystem_dnssd.dylib
0x00000000023a4000 	/usr/lib/system/libsystem_info.dylib
0x00000000023a4000 	/usr/lib/system/libsystem_kernel.dylib
0x00000000023a4000 	/usr/lib/system/libsystem_m.dylib
0x00000000023a4000 	/usr/lib/system/libsystem_malloc.dylib
0x00000000023a4000 	/usr/lib/system/libsystem_network.dylib
0x00000000023a4000 	/usr/lib/system/libsystem_networkextension.dylib
0x00000000023a4000 	/usr/lib/system/libsystem_notify.dylib
0x00000000023a4000 	/usr/lib/system/libsystem_platform.dylib
0x00000000023a4000 	/usr/lib/system/libsystem_pthread.dylib
0x00000000023a4000 	/usr/lib/system/libsystem_sandbox.dylib
0x00000000023a4000 	/usr/lib/system/libsystem_secinit.dylib
0x00000000023a4000 	/usr/lib/system/libsystem_stats.dylib
0x00000000023a4000 	/usr/lib/system/libsystem_trace.dylib
0x00000000023a4000 	/usr/lib/system/libunc.dylib
0x00000000023a4000 	/usr/lib/system/libunwind.dylib
0x00000000023a4000 	/usr/lib/system/libxpc.dylib
0x00000000023a4000 	/usr/lib/libbz2.1.0.dylib
0x00000000023a4000 	/usr/lib/liblzma.5.dylib
0x00000000023a4000 	/usr/lib/libbsm.0.dylib
0x00000000023a4000 	/usr/lib/libsqlite3.dylib
0x00000000023a4000 	/usr/lib/system/libkxld.dylib
0x00000000023a4000 	/usr/lib/libxar.1.dylib
0x00000000023a4000 	/usr/lib/libpam.2.dylib
0x00000000023a4000 	/usr/lib/libOpenScriptingUtil.dylib
0x00000000023a4000 	/System/Library/Frameworks/CoreServices.framework/Versions/A/Frameworks/FSEvents.framework/Versions/A/FSEvents
0x00000000023a4000 	/System/Library/Frameworks/CoreServices.framework/Versions/A/Frameworks/CarbonCore.framework/Versions/A/CarbonCore
0x00000000023a4000 	/System/Library/Frameworks/CoreServices.framework/Versions/A/Frameworks/Metadata.framework/Versions/A/Metadata
0x00000000023a4000 	/System/Library/Frameworks/CoreServices.framework/Versions/A/Frameworks/OSServices.framework/Versions/A/OSServices
0x00000000023a4000 	/System/Library/Frameworks/CoreServices.framework/Versions/A/Frameworks/SearchKit.framework/Versions/A/SearchKit
0x00000000023a4000 	/System/Library/Frameworks/CoreServices.framework/Versions/A/Frameworks/AE.framework/Versions/A/AE
0x00000000023a4000 	/System/Library/Frameworks/CoreServices.framework/Versions/A/Frameworks/LaunchServices.framework/Versions/A/LaunchServices
0x00000000023a4000 	/System/Library/Frameworks/CoreServices.framework/Versions/A/Frameworks/DictionaryServices.framework/Versions/A/DictionaryServices
0x00000000023a4000 	/System/Library/Frameworks/NetFS.framework/Versions/A/NetFS
0x00000000023a4000 	/System/Library/PrivateFrameworks/NetAuth.framework/Versions/A/NetAuth
0x00000000023a4000 	/System/Library/PrivateFrameworks/login.framework/Versions/A/Frameworks/loginsupport.framework/Versions/A/loginsupport
0x00000000023a4000 	/System/Library/PrivateFrameworks/TCC.framework/Versions/A/TCC
0x00000000023a4000 	/usr/lib/libmecabra.dylib
0x00000000023a4000 	/System/Library/Frameworks/ApplicationServices.framework/Versions/A/Frameworks/ATS.framework/Versions/A/ATS
0x00000000023a4000 	/System/Library/Frameworks/ApplicationServices.framework/Versions/A/Frameworks/ColorSync.framework/Versions/A/ColorSync
0x00000000023a4000 	/System/Library/Frameworks/ApplicationServices.framework/Versions/A/Frameworks/HIServices.framework/Versions/A/HIServices
0x00000000023a4000 	/System/Library/Frameworks/ApplicationServices.framework/Versions/A/Frameworks/LangAnalysis.framework/Versions/A/LangAnalysis
0x00000000023a4000 	/System/Library/Frameworks/ApplicationServices.framework/Versions/A/Frameworks/PrintCore.framework/Versions/A/PrintCore
0x00000000023a4000 	/System/Library/Frameworks/ApplicationServices.framework/Versions/A/Frameworks/QD.framework/Versions/A/QD
0x00000000023a4000 	/System/Library/Frameworks/ApplicationServices.framework/Versions/A/Frameworks/SpeechSynthesis.framework/Versions/A/SpeechSynthesis
0x00000000023a4000 	/System/Library/Frameworks/Accelerate.framework/Versions/A/Accelerate
0x00000000023a4000 	/System/Library/Frameworks/Accelerate.framework/Versions/A/Frameworks/vImage.framework/Versions/A/vImage
0x00000000023a4000 	/System/Library/Frameworks/Accelerate.framework/Versions/A/Frameworks/vecLib.framework/Versions/A/vecLib
0x00000000023a4000 	/System/Library/Frameworks/Accelerate.framework/Versions/A/Frameworks/vecLib.framework/Versions/A/libvDSP.dylib
0x00000000023a4000 	/System/Library/Frameworks/Accelerate.framework/Versions/A/Frameworks/vecLib.framework/Versions/A/libvMisc.dylib
0x00000000023a4000 	/System/Library/Frameworks/Accelerate.framework/Versions/A/Frameworks/vecLib.framework/Versions/A/libLAPACK.dylib
0x00000000023a4000 	/System/Library/Frameworks/Accelerate.framework/Versions/A/Frameworks/vecLib.framework/Versions/A/libBLAS.dylib
0x00000000023a4000 	/System/Library/Frameworks/Accelerate.framework/Versions/A/Frameworks/vecLib.framework/Versions/A/libLinearAlgebra.dylib
0x00000000023a4000 	/System/Library/Frameworks/ApplicationServices.framework/Versions/A/Frameworks/ATS.framework/Versions/A/Resources/libFontParser.dylib
0x00000000023a4000 	/System/Library/Frameworks/ApplicationServices.framework/Versions/A/Frameworks/ATS.framework/Versions/A/Resources/libFontRegistry.dylib
0x00000000023a4000 	/System/Library/PrivateFrameworks/AppleVPA.framework/Versions/A/AppleVPA
0x00000000023a4000 	/System/Library/PrivateFrameworks/AppleJPEG.framework/Versions/A/AppleJPEG
0x00000000023a4000 	/System/Library/Frameworks/ImageIO.framework/Versions/A/Resources/libJPEG.dylib
0x00000000023a4000 	/System/Library/Frameworks/ImageIO.framework/Versions/A/Resources/libTIFF.dylib
0x00000000023a4000 	/System/Library/Frameworks/ImageIO.framework/Versions/A/Resources/libPng.dylib
0x00000000023a4000 	/System/Library/Frameworks/ImageIO.framework/Versions/A/Resources/libGIF.dylib
0x00000000023a4000 	/System/Library/Frameworks/ImageIO.framework/Versions/A/Resources/libJP2.dylib
0x00000000023a4000 	/System/Library/Frameworks/ImageIO.framework/Versions/A/Resources/libRadiance.dylib
0x00000000023a4000 	/System/Library/Frameworks/CoreVideo.framework/Versions/A/CoreVideo
0x00000000023a4000 	/System/Library/Frameworks/OpenGL.framework/Versions/A/Libraries/libGLU.dylib
0x00000000023a4000 	/System/Library/Frameworks/OpenGL.framework/Versions/A/Libraries/libGFXShared.dylib
0x00000000023a4000 	/System/Library/Frameworks/OpenGL.framework/Versions/A/Libraries/libGL.dylib
0x00000000023a4000 	/System/Library/Frameworks/OpenGL.framework/Versions/A/Libraries/libGLImage.dylib
0x00000000023a4000 	/System/Library/Frameworks/OpenGL.framework/Versions/A/Libraries/libCVMSPluginSupport.dylib
0x00000000023a4000 	/System/Library/Frameworks/OpenGL.framework/Versions/A/Libraries/libCoreVMClient.dylib
0x00000000023a4000 	/usr/lib/libcups.2.dylib
0x00000000023a4000 	/System/Library/Frameworks/Kerberos.framework/Versions/A/Kerberos
0x00000000023a4000 	/System/Library/Frameworks/GSS.framework/Versions/A/GSS
0x00000000023a4000 	/usr/lib/libresolv.9.dylib
0x00000000023a4000 	/usr/lib/libiconv.2.dylib
0x00000000023a4000 	/System/Library/PrivateFrameworks/Heimdal.framework/Versions/A/Heimdal
0x00000000023a4000 	/usr/lib/libheimdal-asn1.dylib
0x00000000023a4000 	/System/Library/Frameworks/OpenDirectory.framework/Versions/A/OpenDirectory
0x00000000023a4000 	/System/Library/PrivateFrameworks/CommonAuth.framework/Versions/A/CommonAuth
0x00000000023a4000 	/System/Library/Frameworks/OpenDirectory.framework/Versions/A/Frameworks/CFOpenDirectory.framework/Versions/A/CFOpenDirectory
0x00000000023a4000 	/System/Library/Frameworks/SecurityFoundation.framework/Versions/A/SecurityFoundation
0x00000000023a4000 	/System/Library/PrivateFrameworks/LanguageModeling.framework/Versions/A/LanguageModeling
0x00000000023a4000 	/usr/lib/libcmph.dylib
0x00000000023a4000 	/System/Library/Frameworks/ServiceManagement.framework/Versions/A/ServiceManagement
0x00000000023a4000 	/usr/lib/libxslt.1.dylib
0x00000000023a4000 	/System/Library/Frameworks/Carbon.framework/Versions/A/Frameworks/Ink.framework/Versions/A/Ink
0x00000000023a4000 	/System/Library/Frameworks/QuartzCore.framework/Versions/A/Frameworks/CoreImage.framework/Versions/A/CoreImage
0x00000000023a4000 	/System/Library/PrivateFrameworks/CrashReporterSupport.framework/Versions/A/CrashReporterSupport
0x00000000023a4000 	/System/Library/Frameworks/OpenCL.framework/Versions/A/OpenCL
0x00000000023a4000 	/System/Library/PrivateFrameworks/FaceCore.framework/Versions/A/FaceCore
0x00000000023a4000 	/System/Library/PrivateFrameworks/Ubiquity.framework/Versions/A/Ubiquity
0x00000000023a4000 	/System/Library/PrivateFrameworks/IconServices.framework/Versions/A/IconServices
0x00000000023a4000 	/System/Library/PrivateFrameworks/ChunkingLibrary.framework/Versions/A/ChunkingLibrary
0x00000000023a4000 	/System/Library/PrivateFrameworks/Apple80211.framework/Versions/A/Apple80211
0x00000000023a4000 	/System/Library/Frameworks/CoreWLAN.framework/Versions/A/CoreWLAN
0x00000000023a4000 	/System/Library/Frameworks/IOBluetooth.framework/Versions/A/IOBluetooth
0x00000000023a4000 	/System/Library/PrivateFrameworks/CoreWiFi.framework/Versions/A/CoreWiFi
0x00000000023a4000 	/System/Library/Frameworks/CoreBluetooth.framework/Versions/A/CoreBluetooth
0x00000000023a4000 	/System/Library/PrivateFrameworks/DebugSymbols.framework/Versions/A/DebugSymbols
0x00000000023a4000 	/System/Library/PrivateFrameworks/CoreSymbolication.framework/Versions/A/CoreSymbolication
0x00000000023a4000 	/System/Library/PrivateFrameworks/Symbolication.framework/Versions/A/Symbolication
0x00000000023a4000 	/System/Library/PrivateFrameworks/SpeechRecognitionCore.framework/Versions/A/SpeechRecognitionCore
0x00000001076a9000 	/Users/adelinadutskinova/Downloads/jdk1.8.0/jre/lib/server/libjvm.dylib
0x00000000023a4000 	/usr/lib/libstdc++.6.dylib
0x0000000108252000 	/Users/adelinadutskinova/Downloads/jdk1.8.0/jre/lib/libverify.dylib
0x000000010825f000 	/Users/adelinadutskinova/Downloads/jdk1.8.0/jre/lib/libjava.dylib
0x0000000108294000 	/Users/adelinadutskinova/Downloads/jdk1.8.0/jre/lib/libjdwp.dylib
0x00000001082d1000 	/Users/adelinadutskinova/Downloads/jdk1.8.0/jre/lib/libnpt.dylib
0x00000001082de000 	/Users/adelinadutskinova/Downloads/jdk1.8.0/jre/lib/libzip.dylib
0x00000001a31c7000 	/System/Library/Frameworks/JavaVM.framework/Frameworks/JavaRuntimeSupport.framework/JavaRuntimeSupport
0x00000001a31dd000 	/System/Library/Frameworks/JavaVM.framework/Versions/A/Frameworks/JavaNativeFoundation.framework/Versions/A/JavaNativeFoundation
0x00000001a31f1000 	/System/Library/Frameworks/JavaVM.framework/Versions/A/JavaVM
0x00000000023a4000 	/System/Library/Frameworks/Carbon.framework/Versions/A/Carbon
0x00000001a43ed000 	/System/Library/PrivateFrameworks/JavaLaunching.framework/Versions/A/JavaLaunching
0x00000000023a4000 	/System/Library/Frameworks/Carbon.framework/Versions/A/Frameworks/CommonPanels.framework/Versions/A/CommonPanels
0x00000000023a4000 	/System/Library/Frameworks/Carbon.framework/Versions/A/Frameworks/Help.framework/Versions/A/Help
0x00000000023a4000 	/System/Library/Frameworks/Carbon.framework/Versions/A/Frameworks/ImageCapture.framework/Versions/A/ImageCapture
0x00000000023a4000 	/System/Library/Frameworks/Carbon.framework/Versions/A/Frameworks/OpenScripting.framework/Versions/A/OpenScripting
0x00000000023a4000 	/System/Library/Frameworks/Carbon.framework/Versions/A/Frameworks/Print.framework/Versions/A/Print
0x00000000023a4000 	/System/Library/Frameworks/Carbon.framework/Versions/A/Frameworks/SecurityHI.framework/Versions/A/SecurityHI
0x00000001a5dd3000 	/Users/adelinadutskinova/Downloads/jdk1.8.0/jre/lib/libdt_socket.dylib

VM Arguments:
jvm_args: -agentlib:jdwp=transport=dt_socket,address=127.0.0.1:64985,suspend=y,server=n -Dfile.encoding=UTF-8 
java_command: ArrayManipulator
java_class_path (initial): /Users/adelinadutskinova/Downloads/jdk1.8.0/lib/dt.jar:/Users/adelinadutskinova/Downloads/jdk1.8.0/lib/jconsole.jar:/Users/adelinadutskinova/Downloads/jdk1.8.0/lib/sa-jdi.jar:/Users/adelinadutskinova/Downloads/jdk1.8.0/lib/tools.jar:/Users/adelinadutskinova/Downloads/jdk1.8.0/jre/lib/charsets.jar:/Users/adelinadutskinova/Downloads/jdk1.8.0/jre/lib/deploy.jar:/Users/adelinadutskinova/Downloads/jdk1.8.0/jre/lib/htmlconverter.jar:/Users/adelinadutskinova/Downloads/jdk1.8.0/jre/lib/javaws.jar:/Users/adelinadutskinova/Downloads/jdk1.8.0/jre/lib/jce.jar:/Users/adelinadutskinova/Downloads/jdk1.8.0/jre/lib/jfr.jar:/Users/adelinadutskinova/Downloads/jdk1.8.0/jre/lib/JObjC.jar:/Users/adelinadutskinova/Downloads/jdk1.8.0/jre/lib/jsse.jar:/Users/adelinadutskinova/Downloads/jdk1.8.0/jre/lib/management-agent.jar:/Users/adelinadutskinova/Downloads/jdk1.8.0/jre/lib/plugin.jar:/Users/adelinadutskinova/Downloads/jdk1.8.0/jre/lib/resources.jar:/Users/adelinadutskinova/Downloads/jdk1.8.0/jre/lib/rt.jar:/Users/adelinadutskinova/Downloads/jdk1.8.0/jre/lib/ext/cldrdata.jar:/Users/adelinadutskinova/Downloads/jdk1.8.0/jre/lib/ext/dnsns.jar:/Users/adelinadutskinova/Downloads/jdk1.8.0/jre/lib/ext/localedata.jar:/Users/adelinadutskinova/Downloads/jdk1.8.0/jre/lib/ext/nashorn.jar:/Users/adelinadutskinova/Downloads/jdk1.8.0/jre/lib/ext/sunec.jar:/Users/adelinadutskinova/Downloads/jdk1.8.0/jre/lib/ext/sunjce_provider.jar:/Users/adelinadutskinova/Downloads/jdk1.8.0/jre/lib/ext/sunpkcs11.jar:/Users/adelinadutskinova/Downloads/jdk1.8.0/jre/lib/ext/zipfs.jar:/Users/adelinadutskinova/IdeaProjects/AdvancedC#October2015/out/production/AdvancedC#October2015:/Applications/IntelliJ IDEA 14 CE.app/Contents/lib/idea_rt.jar
Launcher Type: SUN_STANDARD

Environment Variables:
PATH=/usr/bin:/bin:/usr/sbin:/sbin
SHELL=/bin/bash

Signal Handlers:
SIGSEGV: [libjvm.dylib+0x550af9], sa_mask[0]=0xfffefeff, sa_flags=0x00000043
SIGBUS: [libjvm.dylib+0x550af9], sa_mask[0]=0xfffefeff, sa_flags=0x00000042
SIGFPE: [libjvm.dylib+0x435ace], sa_mask[0]=0xfffefeff, sa_flags=0x00000042
SIGPIPE: [libjvm.dylib+0x435ace], sa_mask[0]=0xfffefeff, sa_flags=0x00000042
SIGXFSZ: [libjvm.dylib+0x435ace], sa_mask[0]=0xfffefeff, sa_flags=0x00000042
SIGILL: [libjvm.dylib+0x435ace], sa_mask[0]=0xfffefeff, sa_flags=0x00000042
SIGUSR1: SIG_DFL, sa_mask[0]=0x00000000, sa_flags=0x00000000
SIGUSR2: [libjvm.dylib+0x4355ec], sa_mask[0]=0x00000004, sa_flags=0x00000042
SIGHUP: [libjvm.dylib+0x433809], sa_mask[0]=0xfffefeff, sa_flags=0x00000042
SIGINT: [libjvm.dylib+0x433809], sa_mask[0]=0xfffefeff, sa_flags=0x00000042
SIGTERM: [libjvm.dylib+0x433809], sa_mask[0]=0xfffefeff, sa_flags=0x00000042
SIGQUIT: [libjvm.dylib+0x433809], sa_mask[0]=0xfffefeff, sa_flags=0x00000042


---------------  S Y S T E M  ---------------

OS:Bsduname:Darwin 14.5.0 Darwin Kernel Version 14.5.0: Wed Jul 29 02:26:53 PDT 2015; root:xnu-2782.40.9~1/RELEASE_X86_64 x86_64
rlimit: STACK 8192k, CORE 0k, NPROC 709, NOFILE 10240, AS infinity
load average:10.90 11.89 12.08

CPU:total 2 (2 cores per cpu, 1 threads per core) family 6 model 23 stepping 10, cmov, cx8, fxsr, mmx, sse, sse2, sse3, ssse3, sse4.1, tsc

Memory: 4k page, physical 8388608k(2097152k free)

/proc/meminfo:


vm_info: Java HotSpot(TM) 64-Bit Server VM (25.0-b45) for bsd-amd64 JRE (1.8.0-ea-lambda-nightly-h109-20130902-b106-b00), built on Sep  2 2013 19:00:02 by "java_re" with gcc 4.2.1 (Based on Apple Inc. build 5658) (LLVM build 2336.11.00)

time: Sun Nov  1 17:35:56 2015
elapsed time: 609 seconds

