#
# A fatal error has been detected by the Java Runtime Environment:
#
#  SIGSEGV (0xb) at pc=0x0000000104037b94, pid=11184, tid=15363
#
# JRE version: Java(TM) SE Runtime Environment (8.0) (build 1.8.0-ea-lambda-nightly-h109-20130902-b106-b00)
# Java VM: Java HotSpot(TM) 64-Bit Server VM (25.0-b45 mixed mode bsd-amd64 compressed oops)
# Problematic frame:
# V  [libjvm.dylib+0x3ffb94]
#
# Failed to write core dump. Core dumps have been disabled. To enable core dumping, try "ulimit -c unlimited" before starting Java again
#
# If you would like to submit a bug report, please visit:
#   http://bugreport.sun.com/bugreport/crash.jsp
#

---------------  T H R E A D  ---------------

Current thread (0x00007ff2b4873000):  JavaThread "JDWP Transport Listener: dt_socket" daemon [_thread_in_vm, id=15363, stack(0x00000001a236c000,0x00000001a246c000)]

siginfo:si_signo=SIGSEGV: si_errno=0, si_code=0 (SEGV0), si_addr=0x0000000000000000

Registers:
RAX=0x0000000000000001, RBX=0x8000000000000000, RCX=0x00000001043ceec8, RDX=0x00000001a246ba9b
RSP=0x00000001a246b9e0, RBP=0x00000001a246b9f0, RSI=0x00007ff2b4873000, RDI=0x00007ff2b3d37190
R8 =0x0000000000000000, R9 =0x00007ff2b3d00000, R10=0x0000000000000010, R11=0x00007ff2b3d00000
R12=0x00007ff2b4873000, R13=0x00007ff2b3d37190, R14=0x00007ff2b3d37190, R15=0x00007ff2b3c1edd0
RIP=0x0000000104037b94, EFLAGS=0x0000000000010a16, ERR=0x0000000000000000
  TRAPNO=0x000000000000000d

Top of Stack: (sp=0x00000001a246b9e0)
0x00000001a246b9e0:   00000001a246ba9b 00000001a246ba9b
0x00000001a246b9f0:   00000001a246ba50 0000000103f55c2a
0x00000001a246ba00:   00007ff2b4873000 0000000000000000
0x00000001a246ba10:   0000000000000000 0000000000000000
0x00000001a246ba20:   00007ff2b4873000 00007ff2b4873000
0x00000001a246ba30:   00000001a246ba9b 00000001a246baa0
0x00000001a246ba40:   00007ff2b3d37190 0000000000000004
0x00000001a246ba50:   00000001a246ba70 00000001048437dc
0x00000001a246ba60:   0000000000000001 00000001a246bb18
0x00000001a246ba70:   00000001a246bae0 0000000104828273
0x00000001a246ba80:   00000001a246bab0 00007ff2b3d28a90
0x00000001a246ba90:   0000000500000032 000000080046bb18
0x00000001a246baa0:   0000000000000000 0000000000000000
0x00000001a246bab0:   0000000000000000 00000001a246bca0
0x00000001a246bac0:   000000010484aeca 00007ff2b3d370b0
0x00000001a246bad0:   00000001a246bb18 0000000104856588
0x00000001a246bae0:   00000001a246baf0 000000010482836c
0x00000001a246baf0:   00000001a246bd10 00000001048318fa
0x00000001a246bb00:   0005091400000013 00000000000f0200
0x00000001a246bb10:   00007ff2b3d36fb0 00007ff2b3d37361
0x00000001a246bb20:   00007ff200000257 00007ff2b3d366a0
0x00000001a246bb30:   00007ff20000012c 00000001a246bb68
0x00000001a246bb40:   00007ff2b3d366a0 00007f0000000000
0x00000001a246bb50:   000509140000000f 00007fff0000b780
0x00000001a246bb60:   00000001a246bb68 f27f000005000000
0x00000001a246bb70:   0b0000000828d3b3 727245746e756f63
0x00000001a246bb80:   281600000073726f 74752f6176616a4c
0x00000001a246bb90:   4d656572542f6c69 00000049293b7061
0x00000001a246bba0:   2f6176616a4c284e 6572542f6c697475
0x00000001a246bbb0:   616a4c3c70614d65 2f676e616c2f6176
0x00000001a246bbc0:   4c3b676e69727453 6974752f6176616a
0x00000001a246bbd0:   4c3c7473694c2f6c 6e616c2f6176616a 

Instructions: (pc=0x0000000104037b94)
0x0000000104037b74:   31 c0 5d c3 55 48 89 e5 53 48 83 ec 08 48 85 ff
0x0000000104037b84:   74 24 48 8b 1f 48 85 db 74 1c 48 83 fb 37 74 16
0x0000000104037b94:   48 8b 03 48 89 df ff 50 08 84 c0 b8 00 00 00 00
0x0000000104037ba4:   48 0f 45 c3 eb 02 31 c0 48 83 c4 08 5b 5d c3 90 

Register to memory mapping:

RAX=0x0000000000000001 is an unknown value
RBX=0x8000000000000000 is an unknown value
RCX=0x00000001043ceec8: UseMembar+0 in /Users/adelinadutskinova/Downloads/jdk1.8.0/jre/lib/server/libjvm.dylib at 0x0000000103c38000
RDX=0x00000001a246ba9b is pointing into the stack for thread: 0x00007ff2b4873000
RSP=0x00000001a246b9e0 is pointing into the stack for thread: 0x00007ff2b4873000
RBP=0x00000001a246b9f0 is pointing into the stack for thread: 0x00007ff2b4873000
RSI=0x00007ff2b4873000 is a thread
RDI=0x00007ff2b3d37190 is an unknown value
R8 =0x0000000000000000 is an unknown value
R9 =0x00007ff2b3d00000 is an unknown value
R10=0x0000000000000010 is an unknown value
R11=0x00007ff2b3d00000 is an unknown value
R12=0x00007ff2b4873000 is a thread
R13=0x00007ff2b3d37190 is an unknown value
R14=0x00007ff2b3d37190 is an unknown value
R15=0x00007ff2b3c1edd0 is an unknown value


Stack: [0x00000001a236c000,0x00000001a246c000],  sp=0x00000001a246b9e0,  free space=1022k
Native frames: (J=compiled Java code, j=interpreted, Vv=VM code, C=native code)
V  [libjvm.dylib+0x3ffb94]
V  [libjvm.dylib+0x31dc2a]
C  [libjdwp.dylib+0x207dc]  isMethodSynthetic+0x63
C  [libjdwp.dylib+0x5273]  methods1+0x10b
C  [libjdwp.dylib+0x536c]  methodsWithGeneric+0xe
C  [libjdwp.dylib+0xe8fa]  debugLoop_run+0x1ce
C  [libjdwp.dylib+0x1f716]  attachThread+0x4d
V  [libjvm.dylib+0x35e2e4]
V  [libjvm.dylib+0x50ee15]
V  [libjvm.dylib+0x51054a]
V  [libjvm.dylib+0x43829d]
C  [libsystem_pthread.dylib+0x405a]  _pthread_body+0x83
C  [libsystem_pthread.dylib+0x3fd7]  _pthread_body+0x0
C  [libsystem_pthread.dylib+0x13ed]  thread_start+0xd


---------------  P R O C E S S  ---------------

Java Threads: ( => current thread )
  0x00007ff2b486d000 JavaThread "Service Thread" daemon [_thread_blocked, id=17923, stack(0x00000001a287b000,0x00000001a297b000)]
  0x00007ff2b4040000 JavaThread "C1 CompilerThread1" daemon [_thread_blocked, id=17411, stack(0x00000001a2778000,0x00000001a2878000)]
  0x00007ff2b403f800 JavaThread "C2 CompilerThread0" daemon [_thread_blocked, id=16899, stack(0x00000001a2675000,0x00000001a2775000)]
  0x00007ff2b4035000 JavaThread "JDWP Command Reader" daemon [_thread_in_native, id=16387, stack(0x00000001a2572000,0x00000001a2672000)]
  0x00007ff2b402c000 JavaThread "JDWP Event Helper Thread" daemon [_thread_blocked, id=15875, stack(0x00000001a246f000,0x00000001a256f000)]
=>0x00007ff2b4873000 JavaThread "JDWP Transport Listener: dt_socket" daemon [_thread_in_vm, id=15363, stack(0x00000001a236c000,0x00000001a246c000)]
  0x00007ff2b485a000 JavaThread "Signal Dispatcher" daemon [_thread_blocked, id=14855, stack(0x00000001a2269000,0x00000001a2369000)]
  0x00007ff2b4022800 JavaThread "Finalizer" daemon [_thread_blocked, id=9987, stack(0x00000001a084d000,0x00000001a094d000)]
  0x00007ff2b4022000 JavaThread "Reference Handler" daemon [_thread_blocked, id=9475, stack(0x00000001a074a000,0x00000001a084a000)]
  0x00007ff2b4800000 JavaThread "main" [_thread_in_native, id=3331, stack(0x00000001046df000,0x00000001047df000)]

Other Threads:
  0x00007ff2b401f000 VMThread [stack: 0x00000001a0647000,0x00000001a0747000] [id=8963]
  0x00007ff2b487b800 WatcherThread [stack: 0x00000001a297e000,0x00000001a2a7e000] [id=18435]

VM state:not at safepoint (normal execution)

VM Mutex/Monitor currently owned by a thread: None

Heap:
 PSYoungGen      total 38912K, used 2703K [0x000000016fe00000, 0x0000000172900000, 0x000000019a900000)
  eden space 33792K, 8% used [0x000000016fe00000,0x00000001700a3e38,0x0000000171f00000)
  from space 5120K, 0% used [0x0000000172400000,0x0000000172400000,0x0000000172900000)
  to   space 5120K, 0% used [0x0000000171f00000,0x0000000171f00000,0x0000000172400000)
 ParOldGen       total 87040K, used 0K [0x000000011a900000, 0x000000011fe00000, 0x000000016fe00000)
  object space 87040K, 0% used [0x000000011a900000,0x000000011a900000,0x000000011fe00000)
 Metaspace total 4568K, used 3652K, reserved 110592K
  data space     4176K, used 3262K, reserved 8192K
  class space    392K, used 389K, reserved 102400K

Card table byte_map: [0x000000019a900000,0x000000019ad01000] byte_map_base: 0x000000019a02b800

Marking Bits: (ParMarkBitMap*) 0x000000010447f950
 Begin Bits: [0x000000019b600000, 0x000000019d600000)
 End Bits:   [0x000000019d600000, 0x000000019f600000)

Polling page: 0x0000000104822000

CodeCache: size=245760Kb used=1153Kb max_used=1153Kb free=244606Kb
 bounds [0x0000000105076000, 0x00000001052e6000, 0x0000000114076000]
 total_blobs=314 nmethods=88 adapters=153
 compilation: enabled

Compilation events (10 events):
Event: 0.715 Thread 0x00007ff2b4040000   84   !   3       sun.misc.URLClassPath$JarLoader::getResource (85 bytes)
Event: 0.718 Thread 0x00007ff2b4040000 nmethod 84 0x0000000105192d90 code [0x0000000105193020, 0x0000000105193f68]
Event: 0.719 Thread 0x00007ff2b4040000   85       3       java.nio.charset.CharsetEncoder::maxBytesPerChar (5 bytes)
Event: 0.719 Thread 0x00007ff2b4040000 nmethod 85 0x0000000105188790 code [0x00000001051888e0, 0x0000000105188a70]
Event: 0.719 Thread 0x00007ff2b4040000   86       3       java.lang.String::toCharArray (25 bytes)
Event: 0.719 Thread 0x00007ff2b4040000 nmethod 86 0x0000000105194910 code [0x0000000105194a80, 0x0000000105194d28]
Event: 0.734 Thread 0x00007ff2b4040000   87       3       java.lang.AbstractStringBuilder::append (29 bytes)
Event: 0.735 Thread 0x00007ff2b4040000 nmethod 87 0x0000000105195a90 code [0x0000000105195c00, 0x0000000105195ec8]
Event: 0.735 Thread 0x00007ff2b4040000   88       3       java.lang.StringBuilder::append (8 bytes)
Event: 0.735 Thread 0x00007ff2b4040000 nmethod 88 0x0000000105196050 code [0x00000001051961e0, 0x0000000105196508]

GC Heap History (0 events):
No events

Deoptimization events (0 events):
No events

Internal exceptions (10 events):
Event: 0.594 Thread 0x00007ff2b4800000 Exception <a 'java/security/PrivilegedActionException'> (0x00000001700366e0) thrown at [/HUDSON/workspace/8-2-build-macosx-x86_64/jdk8-lambda/109/hotspot/src/share/vm/prims/jvm.cpp, line 1249]
Event: 0.594 Thread 0x00007ff2b4800000 Exception <a 'java/security/PrivilegedActionException'> (0x0000000170036898) thrown at [/HUDSON/workspace/8-2-build-macosx-x86_64/jdk8-lambda/109/hotspot/src/share/vm/prims/jvm.cpp, line 1249]
Event: 0.595 Thread 0x00007ff2b4800000 Exception <a 'java/security/PrivilegedActionException'> (0x0000000170041690) thrown at [/HUDSON/workspace/8-2-build-macosx-x86_64/jdk8-lambda/109/hotspot/src/share/vm/prims/jvm.cpp, line 1249]
Event: 0.595 Thread 0x00007ff2b4800000 Exception <a 'java/security/PrivilegedActionException'> (0x0000000170041848) thrown at [/HUDSON/workspace/8-2-build-macosx-x86_64/jdk8-lambda/109/hotspot/src/share/vm/prims/jvm.cpp, line 1249]
Event: 0.657 Thread 0x00007ff2b4800000 Exception <a 'java/security/PrivilegedActionException'> (0x0000000170046d78) thrown at [/HUDSON/workspace/8-2-build-macosx-x86_64/jdk8-lambda/109/hotspot/src/share/vm/prims/jvm.cpp, line 1249]
Event: 0.662 Thread 0x00007ff2b4800000 Exception <a 'java/security/PrivilegedActionException'> (0x000000017004c228) thrown at [/HUDSON/workspace/8-2-build-macosx-x86_64/jdk8-lambda/109/hotspot/src/share/vm/prims/jvm.cpp, line 1249]
Event: 0.707 Thread 0x00007ff2b4800000 Exception <a 'java/security/PrivilegedActionException'> (0x0000000170061348) thrown at [/HUDSON/workspace/8-2-build-macosx-x86_64/jdk8-lambda/109/hotspot/src/share/vm/prims/jvm.cpp, line 1249]
Event: 0.709 Thread 0x00007ff2b4800000 Exception <a 'java/security/PrivilegedActionException'> (0x0000000170064150) thrown at [/HUDSON/workspace/8-2-build-macosx-x86_64/jdk8-lambda/109/hotspot/src/share/vm/prims/jvm.cpp, line 1249]
Event: 0.714 Thread 0x00007ff2b4800000 Exception <a 'java/security/PrivilegedActionException'> (0x0000000170068640) thrown at [/HUDSON/workspace/8-2-build-macosx-x86_64/jdk8-lambda/109/hotspot/src/share/vm/prims/jvm.cpp, line 1249]
Event: 0.714 Thread 0x00007ff2b4800000 Exception <a 'java/security/PrivilegedActionException'> (0x000000017006b5d0) thrown at [/HUDSON/workspace/8-2-build-macosx-x86_64/jdk8-lambda/109/hotspot/src/share/vm/prims/jvm.cpp, line 1249]

Events (10 events):
Event: 10124.648 Executing VM operation: ChangeBreakpoints
Event: 10124.648 Executing VM operation: ChangeBreakpoints done
Event: 10124.652 Executing VM operation: ChangeBreakpoints
Event: 10124.652 Executing VM operation: ChangeBreakpoints done
Event: 10124.653 Executing VM operation: ChangeBreakpoints
Event: 10124.653 Executing VM operation: ChangeBreakpoints done
Event: 10130.553 Executing VM operation: ChangeBreakpoints
Event: 10130.553 Executing VM operation: ChangeBreakpoints done
Event: 10130.557 Executing VM operation: RedefineClasses
Event: 10130.558 Executing VM operation: RedefineClasses done


Dynamic libraries:
0x0000000000113000 	/System/Library/Frameworks/Cocoa.framework/Versions/A/Cocoa
0x0000000000113000 	/System/Library/Frameworks/Security.framework/Versions/A/Security
0x0000000000113000 	/System/Library/Frameworks/ApplicationServices.framework/Versions/A/ApplicationServices
0x0000000000113000 	/usr/lib/libz.1.dylib
0x0000000000113000 	/usr/lib/libSystem.B.dylib
0x0000000000113000 	/usr/lib/libobjc.A.dylib
0x0000000000113000 	/System/Library/Frameworks/CoreFoundation.framework/Versions/A/CoreFoundation
0x0000000000113000 	/System/Library/Frameworks/Foundation.framework/Versions/C/Foundation
0x0000000000113000 	/System/Library/Frameworks/AppKit.framework/Versions/C/AppKit
0x0000000000113000 	/System/Library/Frameworks/CoreData.framework/Versions/A/CoreData
0x0000000000113000 	/System/Library/PrivateFrameworks/RemoteViewServices.framework/Versions/A/RemoteViewServices
0x0000000000113000 	/System/Library/PrivateFrameworks/UIFoundation.framework/Versions/A/UIFoundation
0x0000000000113000 	/System/Library/Frameworks/IOSurface.framework/Versions/A/IOSurface
0x0000000000113000 	/System/Library/Frameworks/AudioToolbox.framework/Versions/A/AudioToolbox
0x0000000000113000 	/System/Library/Frameworks/AudioUnit.framework/Versions/A/AudioUnit
0x0000000000113000 	/System/Library/PrivateFrameworks/DataDetectorsCore.framework/Versions/A/DataDetectorsCore
0x0000000000113000 	/System/Library/PrivateFrameworks/DesktopServicesPriv.framework/Versions/A/DesktopServicesPriv
0x0000000000113000 	/System/Library/Frameworks/Carbon.framework/Versions/A/Frameworks/HIToolbox.framework/Versions/A/HIToolbox
0x0000000000113000 	/System/Library/Frameworks/QuartzCore.framework/Versions/A/QuartzCore
0x0000000000113000 	/System/Library/Frameworks/Carbon.framework/Versions/A/Frameworks/SpeechRecognition.framework/Versions/A/SpeechRecognition
0x0000000000113000 	/usr/lib/libauto.dylib
0x0000000000113000 	/usr/lib/libicucore.A.dylib
0x0000000000113000 	/usr/lib/libxml2.2.dylib
0x0000000000113000 	/System/Library/PrivateFrameworks/CoreUI.framework/Versions/A/CoreUI
0x0000000000113000 	/System/Library/Frameworks/CoreAudio.framework/Versions/A/CoreAudio
0x0000000000113000 	/System/Library/Frameworks/DiskArbitration.framework/Versions/A/DiskArbitration
0x0000000000113000 	/usr/lib/liblangid.dylib
0x0000000000113000 	/System/Library/PrivateFrameworks/MultitouchSupport.framework/Versions/A/MultitouchSupport
0x0000000000113000 	/System/Library/Frameworks/IOKit.framework/Versions/A/IOKit
0x0000000000113000 	/usr/lib/libDiagnosticMessagesClient.dylib
0x0000000000113000 	/System/Library/Frameworks/CoreServices.framework/Versions/A/CoreServices
0x0000000000113000 	/System/Library/PrivateFrameworks/PerformanceAnalysis.framework/Versions/A/PerformanceAnalysis
0x0000000000113000 	/System/Library/PrivateFrameworks/GenerationalStorage.framework/Versions/A/GenerationalStorage
0x0000000000113000 	/System/Library/Frameworks/OpenGL.framework/Versions/A/OpenGL
0x0000000000113000 	/System/Library/PrivateFrameworks/Sharing.framework/Versions/A/Sharing
0x0000000000113000 	/System/Library/Frameworks/CoreGraphics.framework/Versions/A/CoreGraphics
0x0000000000113000 	/System/Library/Frameworks/CoreText.framework/Versions/A/CoreText
0x0000000000113000 	/System/Library/Frameworks/ImageIO.framework/Versions/A/ImageIO
0x0000000000113000 	/usr/lib/libextension.dylib
0x0000000000113000 	/System/Library/PrivateFrameworks/Backup.framework/Versions/A/Backup
0x0000000000113000 	/usr/lib/libarchive.2.dylib
0x0000000000113000 	/System/Library/Frameworks/CFNetwork.framework/Versions/A/CFNetwork
0x0000000000113000 	/System/Library/Frameworks/SystemConfiguration.framework/Versions/A/SystemConfiguration
0x0000000000113000 	/usr/lib/libCRFSuite.dylib
0x0000000000113000 	/usr/lib/libc++.1.dylib
0x0000000000113000 	/usr/lib/libc++abi.dylib
0x0000000000113000 	/usr/lib/system/libcache.dylib
0x0000000000113000 	/usr/lib/system/libcommonCrypto.dylib
0x0000000000113000 	/usr/lib/system/libcompiler_rt.dylib
0x0000000000113000 	/usr/lib/system/libcopyfile.dylib
0x0000000000113000 	/usr/lib/system/libcorecrypto.dylib
0x0000000000113000 	/usr/lib/system/libdispatch.dylib
0x0000000000113000 	/usr/lib/system/libdyld.dylib
0x0000000000113000 	/usr/lib/system/libkeymgr.dylib
0x0000000000113000 	/usr/lib/system/liblaunch.dylib
0x0000000000113000 	/usr/lib/system/libmacho.dylib
0x0000000000113000 	/usr/lib/system/libquarantine.dylib
0x0000000000113000 	/usr/lib/system/libremovefile.dylib
0x0000000000113000 	/usr/lib/system/libsystem_asl.dylib
0x0000000000113000 	/usr/lib/system/libsystem_blocks.dylib
0x0000000000113000 	/usr/lib/system/libsystem_c.dylib
0x0000000000113000 	/usr/lib/system/libsystem_configuration.dylib
0x0000000000113000 	/usr/lib/system/libsystem_coreservices.dylib
0x0000000000113000 	/usr/lib/system/libsystem_coretls.dylib
0x0000000000113000 	/usr/lib/system/libsystem_dnssd.dylib
0x0000000000113000 	/usr/lib/system/libsystem_info.dylib
0x0000000000113000 	/usr/lib/system/libsystem_kernel.dylib
0x0000000000113000 	/usr/lib/system/libsystem_m.dylib
0x0000000000113000 	/usr/lib/system/libsystem_malloc.dylib
0x0000000000113000 	/usr/lib/system/libsystem_network.dylib
0x0000000000113000 	/usr/lib/system/libsystem_networkextension.dylib
0x0000000000113000 	/usr/lib/system/libsystem_notify.dylib
0x0000000000113000 	/usr/lib/system/libsystem_platform.dylib
0x0000000000113000 	/usr/lib/system/libsystem_pthread.dylib
0x0000000000113000 	/usr/lib/system/libsystem_sandbox.dylib
0x0000000000113000 	/usr/lib/system/libsystem_secinit.dylib
0x0000000000113000 	/usr/lib/system/libsystem_stats.dylib
0x0000000000113000 	/usr/lib/system/libsystem_trace.dylib
0x0000000000113000 	/usr/lib/system/libunc.dylib
0x0000000000113000 	/usr/lib/system/libunwind.dylib
0x0000000000113000 	/usr/lib/system/libxpc.dylib
0x0000000000113000 	/usr/lib/libbz2.1.0.dylib
0x0000000000113000 	/usr/lib/liblzma.5.dylib
0x0000000000113000 	/usr/lib/libbsm.0.dylib
0x0000000000113000 	/usr/lib/libsqlite3.dylib
0x0000000000113000 	/usr/lib/system/libkxld.dylib
0x0000000000113000 	/usr/lib/libxar.1.dylib
0x0000000000113000 	/usr/lib/libpam.2.dylib
0x0000000000113000 	/usr/lib/libOpenScriptingUtil.dylib
0x0000000000113000 	/System/Library/Frameworks/CoreServices.framework/Versions/A/Frameworks/FSEvents.framework/Versions/A/FSEvents
0x0000000000113000 	/System/Library/Frameworks/CoreServices.framework/Versions/A/Frameworks/CarbonCore.framework/Versions/A/CarbonCore
0x0000000000113000 	/System/Library/Frameworks/CoreServices.framework/Versions/A/Frameworks/Metadata.framework/Versions/A/Metadata
0x0000000000113000 	/System/Library/Frameworks/CoreServices.framework/Versions/A/Frameworks/OSServices.framework/Versions/A/OSServices
0x0000000000113000 	/System/Library/Frameworks/CoreServices.framework/Versions/A/Frameworks/SearchKit.framework/Versions/A/SearchKit
0x0000000000113000 	/System/Library/Frameworks/CoreServices.framework/Versions/A/Frameworks/AE.framework/Versions/A/AE
0x0000000000113000 	/System/Library/Frameworks/CoreServices.framework/Versions/A/Frameworks/LaunchServices.framework/Versions/A/LaunchServices
0x0000000000113000 	/System/Library/Frameworks/CoreServices.framework/Versions/A/Frameworks/DictionaryServices.framework/Versions/A/DictionaryServices
0x0000000000113000 	/System/Library/Frameworks/NetFS.framework/Versions/A/NetFS
0x0000000000113000 	/System/Library/PrivateFrameworks/NetAuth.framework/Versions/A/NetAuth
0x0000000000113000 	/System/Library/PrivateFrameworks/login.framework/Versions/A/Frameworks/loginsupport.framework/Versions/A/loginsupport
0x0000000000113000 	/System/Library/PrivateFrameworks/TCC.framework/Versions/A/TCC
0x0000000000113000 	/usr/lib/libmecabra.dylib
0x0000000000113000 	/System/Library/Frameworks/ApplicationServices.framework/Versions/A/Frameworks/ATS.framework/Versions/A/ATS
0x0000000000113000 	/System/Library/Frameworks/ApplicationServices.framework/Versions/A/Frameworks/ColorSync.framework/Versions/A/ColorSync
0x0000000000113000 	/System/Library/Frameworks/ApplicationServices.framework/Versions/A/Frameworks/HIServices.framework/Versions/A/HIServices
0x0000000000113000 	/System/Library/Frameworks/ApplicationServices.framework/Versions/A/Frameworks/LangAnalysis.framework/Versions/A/LangAnalysis
0x0000000000113000 	/System/Library/Frameworks/ApplicationServices.framework/Versions/A/Frameworks/PrintCore.framework/Versions/A/PrintCore
0x0000000000113000 	/System/Library/Frameworks/ApplicationServices.framework/Versions/A/Frameworks/QD.framework/Versions/A/QD
0x0000000000113000 	/System/Library/Frameworks/ApplicationServices.framework/Versions/A/Frameworks/SpeechSynthesis.framework/Versions/A/SpeechSynthesis
0x0000000000113000 	/System/Library/Frameworks/Accelerate.framework/Versions/A/Accelerate
0x0000000000113000 	/System/Library/Frameworks/Accelerate.framework/Versions/A/Frameworks/vImage.framework/Versions/A/vImage
0x0000000000113000 	/System/Library/Frameworks/Accelerate.framework/Versions/A/Frameworks/vecLib.framework/Versions/A/vecLib
0x0000000000113000 	/System/Library/Frameworks/Accelerate.framework/Versions/A/Frameworks/vecLib.framework/Versions/A/libvDSP.dylib
0x0000000000113000 	/System/Library/Frameworks/Accelerate.framework/Versions/A/Frameworks/vecLib.framework/Versions/A/libvMisc.dylib
0x0000000000113000 	/System/Library/Frameworks/Accelerate.framework/Versions/A/Frameworks/vecLib.framework/Versions/A/libLAPACK.dylib
0x0000000000113000 	/System/Library/Frameworks/Accelerate.framework/Versions/A/Frameworks/vecLib.framework/Versions/A/libBLAS.dylib
0x0000000000113000 	/System/Library/Frameworks/Accelerate.framework/Versions/A/Frameworks/vecLib.framework/Versions/A/libLinearAlgebra.dylib
0x0000000000113000 	/System/Library/Frameworks/ApplicationServices.framework/Versions/A/Frameworks/ATS.framework/Versions/A/Resources/libFontParser.dylib
0x0000000000113000 	/System/Library/Frameworks/ApplicationServices.framework/Versions/A/Frameworks/ATS.framework/Versions/A/Resources/libFontRegistry.dylib
0x0000000000113000 	/System/Library/PrivateFrameworks/AppleVPA.framework/Versions/A/AppleVPA
0x0000000000113000 	/System/Library/PrivateFrameworks/AppleJPEG.framework/Versions/A/AppleJPEG
0x0000000000113000 	/System/Library/Frameworks/ImageIO.framework/Versions/A/Resources/libJPEG.dylib
0x0000000000113000 	/System/Library/Frameworks/ImageIO.framework/Versions/A/Resources/libTIFF.dylib
0x0000000000113000 	/System/Library/Frameworks/ImageIO.framework/Versions/A/Resources/libPng.dylib
0x0000000000113000 	/System/Library/Frameworks/ImageIO.framework/Versions/A/Resources/libGIF.dylib
0x0000000000113000 	/System/Library/Frameworks/ImageIO.framework/Versions/A/Resources/libJP2.dylib
0x0000000000113000 	/System/Library/Frameworks/ImageIO.framework/Versions/A/Resources/libRadiance.dylib
0x0000000000113000 	/System/Library/Frameworks/CoreVideo.framework/Versions/A/CoreVideo
0x0000000000113000 	/System/Library/Frameworks/OpenGL.framework/Versions/A/Libraries/libGLU.dylib
0x0000000000113000 	/System/Library/Frameworks/OpenGL.framework/Versions/A/Libraries/libGFXShared.dylib
0x0000000000113000 	/System/Library/Frameworks/OpenGL.framework/Versions/A/Libraries/libGL.dylib
0x0000000000113000 	/System/Library/Frameworks/OpenGL.framework/Versions/A/Libraries/libGLImage.dylib
0x0000000000113000 	/System/Library/Frameworks/OpenGL.framework/Versions/A/Libraries/libCVMSPluginSupport.dylib
0x0000000000113000 	/System/Library/Frameworks/OpenGL.framework/Versions/A/Libraries/libCoreVMClient.dylib
0x0000000000113000 	/usr/lib/libcups.2.dylib
0x0000000000113000 	/System/Library/Frameworks/Kerberos.framework/Versions/A/Kerberos
0x0000000000113000 	/System/Library/Frameworks/GSS.framework/Versions/A/GSS
0x0000000000113000 	/usr/lib/libresolv.9.dylib
0x0000000000113000 	/usr/lib/libiconv.2.dylib
0x0000000000113000 	/System/Library/PrivateFrameworks/Heimdal.framework/Versions/A/Heimdal
0x0000000000113000 	/usr/lib/libheimdal-asn1.dylib
0x0000000000113000 	/System/Library/Frameworks/OpenDirectory.framework/Versions/A/OpenDirectory
0x0000000000113000 	/System/Library/PrivateFrameworks/CommonAuth.framework/Versions/A/CommonAuth
0x0000000000113000 	/System/Library/Frameworks/OpenDirectory.framework/Versions/A/Frameworks/CFOpenDirectory.framework/Versions/A/CFOpenDirectory
0x0000000000113000 	/System/Library/Frameworks/SecurityFoundation.framework/Versions/A/SecurityFoundation
0x0000000000113000 	/System/Library/PrivateFrameworks/LanguageModeling.framework/Versions/A/LanguageModeling
0x0000000000113000 	/usr/lib/libcmph.dylib
0x0000000000113000 	/System/Library/Frameworks/ServiceManagement.framework/Versions/A/ServiceManagement
0x0000000000113000 	/usr/lib/libxslt.1.dylib
0x0000000000113000 	/System/Library/Frameworks/Carbon.framework/Versions/A/Frameworks/Ink.framework/Versions/A/Ink
0x0000000000113000 	/System/Library/Frameworks/QuartzCore.framework/Versions/A/Frameworks/CoreImage.framework/Versions/A/CoreImage
0x0000000000113000 	/System/Library/PrivateFrameworks/CrashReporterSupport.framework/Versions/A/CrashReporterSupport
0x0000000000113000 	/System/Library/Frameworks/OpenCL.framework/Versions/A/OpenCL
0x0000000000113000 	/System/Library/PrivateFrameworks/FaceCore.framework/Versions/A/FaceCore
0x0000000000113000 	/System/Library/PrivateFrameworks/Ubiquity.framework/Versions/A/Ubiquity
0x0000000000113000 	/System/Library/PrivateFrameworks/IconServices.framework/Versions/A/IconServices
0x0000000000113000 	/System/Library/PrivateFrameworks/ChunkingLibrary.framework/Versions/A/ChunkingLibrary
0x0000000000113000 	/System/Library/PrivateFrameworks/Apple80211.framework/Versions/A/Apple80211
0x0000000000113000 	/System/Library/Frameworks/CoreWLAN.framework/Versions/A/CoreWLAN
0x0000000000113000 	/System/Library/Frameworks/IOBluetooth.framework/Versions/A/IOBluetooth
0x0000000000113000 	/System/Library/PrivateFrameworks/CoreWiFi.framework/Versions/A/CoreWiFi
0x0000000000113000 	/System/Library/Frameworks/CoreBluetooth.framework/Versions/A/CoreBluetooth
0x0000000000113000 	/System/Library/PrivateFrameworks/DebugSymbols.framework/Versions/A/DebugSymbols
0x0000000000113000 	/System/Library/PrivateFrameworks/CoreSymbolication.framework/Versions/A/CoreSymbolication
0x0000000000113000 	/System/Library/PrivateFrameworks/Symbolication.framework/Versions/A/Symbolication
0x0000000000113000 	/System/Library/PrivateFrameworks/SpeechRecognitionCore.framework/Versions/A/SpeechRecognitionCore
0x0000000103c38000 	/Users/adelinadutskinova/Downloads/jdk1.8.0/jre/lib/server/libjvm.dylib
0x0000000000113000 	/usr/lib/libstdc++.6.dylib
0x00000001047e1000 	/Users/adelinadutskinova/Downloads/jdk1.8.0/jre/lib/libverify.dylib
0x00000001047ee000 	/Users/adelinadutskinova/Downloads/jdk1.8.0/jre/lib/libjava.dylib
0x0000000104823000 	/Users/adelinadutskinova/Downloads/jdk1.8.0/jre/lib/libjdwp.dylib
0x0000000104860000 	/Users/adelinadutskinova/Downloads/jdk1.8.0/jre/lib/libnpt.dylib
0x000000010486d000 	/Users/adelinadutskinova/Downloads/jdk1.8.0/jre/lib/libzip.dylib
0x00000001a094f000 	/System/Library/Frameworks/JavaVM.framework/Frameworks/JavaRuntimeSupport.framework/JavaRuntimeSupport
0x00000001a0965000 	/System/Library/Frameworks/JavaVM.framework/Versions/A/Frameworks/JavaNativeFoundation.framework/Versions/A/JavaNativeFoundation
0x00000001a0979000 	/System/Library/Frameworks/JavaVM.framework/Versions/A/JavaVM
0x0000000000113000 	/System/Library/Frameworks/Carbon.framework/Versions/A/Carbon
0x00000001a0985000 	/System/Library/PrivateFrameworks/JavaLaunching.framework/Versions/A/JavaLaunching
0x0000000000113000 	/System/Library/Frameworks/Carbon.framework/Versions/A/Frameworks/CommonPanels.framework/Versions/A/CommonPanels
0x0000000000113000 	/System/Library/Frameworks/Carbon.framework/Versions/A/Frameworks/Help.framework/Versions/A/Help
0x0000000000113000 	/System/Library/Frameworks/Carbon.framework/Versions/A/Frameworks/ImageCapture.framework/Versions/A/ImageCapture
0x0000000000113000 	/System/Library/Frameworks/Carbon.framework/Versions/A/Frameworks/OpenScripting.framework/Versions/A/OpenScripting
0x0000000000113000 	/System/Library/Frameworks/Carbon.framework/Versions/A/Frameworks/Print.framework/Versions/A/Print
0x0000000000113000 	/System/Library/Frameworks/Carbon.framework/Versions/A/Frameworks/SecurityHI.framework/Versions/A/SecurityHI
0x000000011447a000 	/Users/adelinadutskinova/Downloads/jdk1.8.0/jre/lib/libdt_socket.dylib

VM Arguments:
jvm_args: -agentlib:jdwp=transport=dt_socket,address=127.0.0.1:50178,suspend=y,server=n -Dfile.encoding=UTF-8 
java_command: LogParser
java_class_path (initial): /Users/adelinadutskinova/Downloads/jdk1.8.0/lib/dt.jar:/Users/adelinadutskinova/Downloads/jdk1.8.0/lib/jconsole.jar:/Users/adelinadutskinova/Downloads/jdk1.8.0/lib/sa-jdi.jar:/Users/adelinadutskinova/Downloads/jdk1.8.0/lib/tools.jar:/Users/adelinadutskinova/Downloads/jdk1.8.0/jre/lib/charsets.jar:/Users/adelinadutskinova/Downloads/jdk1.8.0/jre/lib/deploy.jar:/Users/adelinadutskinova/Downloads/jdk1.8.0/jre/lib/htmlconverter.jar:/Users/adelinadutskinova/Downloads/jdk1.8.0/jre/lib/javaws.jar:/Users/adelinadutskinova/Downloads/jdk1.8.0/jre/lib/jce.jar:/Users/adelinadutskinova/Downloads/jdk1.8.0/jre/lib/jfr.jar:/Users/adelinadutskinova/Downloads/jdk1.8.0/jre/lib/JObjC.jar:/Users/adelinadutskinova/Downloads/jdk1.8.0/jre/lib/jsse.jar:/Users/adelinadutskinova/Downloads/jdk1.8.0/jre/lib/management-agent.jar:/Users/adelinadutskinova/Downloads/jdk1.8.0/jre/lib/plugin.jar:/Users/adelinadutskinova/Downloads/jdk1.8.0/jre/lib/resources.jar:/Users/adelinadutskinova/Downloads/jdk1.8.0/jre/lib/rt.jar:/Users/adelinadutskinova/Downloads/jdk1.8.0/jre/lib/ext/cldrdata.jar:/Users/adelinadutskinova/Downloads/jdk1.8.0/jre/lib/ext/dnsns.jar:/Users/adelinadutskinova/Downloads/jdk1.8.0/jre/lib/ext/localedata.jar:/Users/adelinadutskinova/Downloads/jdk1.8.0/jre/lib/ext/nashorn.jar:/Users/adelinadutskinova/Downloads/jdk1.8.0/jre/lib/ext/sunec.jar:/Users/adelinadutskinova/Downloads/jdk1.8.0/jre/lib/ext/sunjce_provider.jar:/Users/adelinadutskinova/Downloads/jdk1.8.0/jre/lib/ext/sunpkcs11.jar:/Users/adelinadutskinova/Downloads/jdk1.8.0/jre/lib/ext/zipfs.jar:/Users/adelinadutskinova/IdeaProjects/15Exam/out/production/15Exam:/Applications/IntelliJ IDEA 14 CE.app/Contents/lib/idea_rt.jar
Launcher Type: SUN_STANDARD

Environment Variables:
PATH=/usr/local/bin:/usr/bin:/bin:/usr/sbin:/sbin
SHELL=/bin/bash

Signal Handlers:
SIGSEGV: [libjvm.dylib+0x550af9], sa_mask[0]=0xfffefeff, sa_flags=0x00000043
SIGBUS: [libjvm.dylib+0x550af9], sa_mask[0]=0xfffefeff, sa_flags=0x00000042
SIGFPE: [libjvm.dylib+0x435ace], sa_mask[0]=0xfffefeff, sa_flags=0x00000042
SIGPIPE: [libjvm.dylib+0x435ace], sa_mask[0]=0xfffefeff, sa_flags=0x00000042
SIGXFSZ: [libjvm.dylib+0x435ace], sa_mask[0]=0xfffefeff, sa_flags=0x00000042
SIGILL: [libjvm.dylib+0x435ace], sa_mask[0]=0xfffefeff, sa_flags=0x00000042
SIGUSR1: SIG_DFL, sa_mask[0]=0x00000000, sa_flags=0x00000000
SIGUSR2: [libjvm.dylib+0x4355ec], sa_mask[0]=0x00000004, sa_flags=0x00000042
SIGHUP: [libjvm.dylib+0x433809], sa_mask[0]=0xfffefeff, sa_flags=0x00000042
SIGINT: [libjvm.dylib+0x433809], sa_mask[0]=0xfffefeff, sa_flags=0x00000042
SIGTERM: [libjvm.dylib+0x433809], sa_mask[0]=0xfffefeff, sa_flags=0x00000042
SIGQUIT: [libjvm.dylib+0x433809], sa_mask[0]=0xfffefeff, sa_flags=0x00000042


---------------  S Y S T E M  ---------------

OS:Bsduname:Darwin 14.5.0 Darwin Kernel Version 14.5.0: Wed Jul 29 02:26:53 PDT 2015; root:xnu-2782.40.9~1/RELEASE_X86_64 x86_64
rlimit: STACK 8192k, CORE 0k, NPROC 709, NOFILE 10240, AS infinity
load average:11.25 13.77 14.94

CPU:total 2 (2 cores per cpu, 1 threads per core) family 6 model 23 stepping 10, cmov, cx8, fxsr, mmx, sse, sse2, sse3, ssse3, sse4.1, tsc

Memory: 4k page, physical 8388608k(2097152k free)

/proc/meminfo:


vm_info: Java HotSpot(TM) 64-Bit Server VM (25.0-b45) for bsd-amd64 JRE (1.8.0-ea-lambda-nightly-h109-20130902-b106-b00), built on Sep  2 2013 19:00:02 by "java_re" with gcc 4.2.1 (Based on Apple Inc. build 5658) (LLVM build 2336.11.00)

time: Sun Nov 15 14:04:42 2015
elapsed time: 10130 seconds

